0 info it worked if it ends with ok
1 verbose cli [ 'C:\\Program Files\\nodejs\\node.exe',
1 verbose cli   'C:\\Users\\DeimosDust\\AppData\\Roaming\\npm\\node_modules\\npm\\bin\\npm-cli.js',
1 verbose cli   'install',
1 verbose cli   'rpi-dht-sensor' ]
2 info using npm@3.10.8
3 info using node@v4.6.0
4 silly loadCurrentTree Starting
5 silly install loadCurrentTree
6 silly install readLocalPackageData
7 silly fetchPackageMetaData rpi-dht-sensor
8 silly fetchNamedPackageData rpi-dht-sensor
9 silly mapToRegistry name rpi-dht-sensor
10 silly mapToRegistry using default registry
11 silly mapToRegistry registry https://registry.npmjs.org/
12 silly mapToRegistry data Result {
12 silly mapToRegistry   raw: 'rpi-dht-sensor',
12 silly mapToRegistry   scope: null,
12 silly mapToRegistry   escapedName: 'rpi-dht-sensor',
12 silly mapToRegistry   name: 'rpi-dht-sensor',
12 silly mapToRegistry   rawSpec: '',
12 silly mapToRegistry   spec: 'latest',
12 silly mapToRegistry   type: 'tag' }
13 silly mapToRegistry uri https://registry.npmjs.org/rpi-dht-sensor
14 verbose request uri https://registry.npmjs.org/rpi-dht-sensor
15 verbose request no auth needed
16 info attempt registry request try #1 at 3:35:32 PM
17 verbose request id 366b2b2caaa06c8f
18 http request GET https://registry.npmjs.org/rpi-dht-sensor
19 http 200 https://registry.npmjs.org/rpi-dht-sensor
20 verbose headers { server: 'nginx/1.10.1',
20 verbose headers   'content-type': 'application/json',
20 verbose headers   'last-modified': 'Sun, 13 Mar 2016 14:19:36 GMT',
20 verbose headers   etag: 'W/"56e576f8-16e7"',
20 verbose headers   'content-encoding': 'gzip',
20 verbose headers   'cache-control': 'max-age=300',
20 verbose headers   'content-length': '1948',
20 verbose headers   'accept-ranges': 'bytes',
20 verbose headers   date: 'Sun, 16 Jul 2017 19:35:31 GMT',
20 verbose headers   via: '1.1 varnish',
20 verbose headers   age: '0',
20 verbose headers   connection: 'keep-alive',
20 verbose headers   'x-served-by': 'cache-ewr18141-EWR',
20 verbose headers   'x-cache': 'MISS',
20 verbose headers   'x-cache-hits': '0',
20 verbose headers   'x-timer': 'S1500233731.058292,VS0,VE85',
20 verbose headers   vary: 'Accept-Encoding, Accept' }
21 silly get cb [ 200,
21 silly get   { server: 'nginx/1.10.1',
21 silly get     'content-type': 'application/json',
21 silly get     'last-modified': 'Sun, 13 Mar 2016 14:19:36 GMT',
21 silly get     etag: 'W/"56e576f8-16e7"',
21 silly get     'content-encoding': 'gzip',
21 silly get     'cache-control': 'max-age=300',
21 silly get     'content-length': '1948',
21 silly get     'accept-ranges': 'bytes',
21 silly get     date: 'Sun, 16 Jul 2017 19:35:31 GMT',
21 silly get     via: '1.1 varnish',
21 silly get     age: '0',
21 silly get     connection: 'keep-alive',
21 silly get     'x-served-by': 'cache-ewr18141-EWR',
21 silly get     'x-cache': 'MISS',
21 silly get     'x-cache-hits': '0',
21 silly get     'x-timer': 'S1500233731.058292,VS0,VE85',
21 silly get     vary: 'Accept-Encoding, Accept' } ]
22 verbose get saving rpi-dht-sensor to C:\Users\DeimosDust\AppData\Roaming\npm-cache\registry.npmjs.org\rpi-dht-sensor\.cache.json
23 verbose correctMkdir C:\Users\DeimosDust\AppData\Roaming\npm-cache correctMkdir not in flight; initializing
24 silly install normalizeTree
25 silly loadCurrentTree Finishing
26 silly loadIdealTree Starting
27 silly install loadIdealTree
28 silly cloneCurrentTree Starting
29 silly install cloneCurrentTreeToIdealTree
30 silly cloneCurrentTree Finishing
31 silly loadShrinkwrap Starting
32 silly install loadShrinkwrap
33 silly loadShrinkwrap Finishing
34 silly loadAllDepsIntoIdealTree Starting
35 silly install loadAllDepsIntoIdealTree
36 silly resolveWithNewModule rpi-dht-sensor@0.1.1 checking installable status
37 silly cache add args [ 'rpi-dht-sensor', null ]
38 verbose cache add spec rpi-dht-sensor
39 silly cache add parsed spec Result {
39 silly cache add   raw: 'rpi-dht-sensor',
39 silly cache add   scope: null,
39 silly cache add   escapedName: 'rpi-dht-sensor',
39 silly cache add   name: 'rpi-dht-sensor',
39 silly cache add   rawSpec: '',
39 silly cache add   spec: 'latest',
39 silly cache add   type: 'tag' }
40 silly addNamed rpi-dht-sensor@latest
41 verbose addNamed "latest" is being treated as a dist-tag for rpi-dht-sensor
42 info addNameTag [ 'rpi-dht-sensor', 'latest' ]
43 silly mapToRegistry name rpi-dht-sensor
44 silly mapToRegistry using default registry
45 silly mapToRegistry registry https://registry.npmjs.org/
46 silly mapToRegistry data Result {
46 silly mapToRegistry   raw: 'rpi-dht-sensor',
46 silly mapToRegistry   scope: null,
46 silly mapToRegistry   escapedName: 'rpi-dht-sensor',
46 silly mapToRegistry   name: 'rpi-dht-sensor',
46 silly mapToRegistry   rawSpec: '',
46 silly mapToRegistry   spec: 'latest',
46 silly mapToRegistry   type: 'tag' }
47 silly mapToRegistry uri https://registry.npmjs.org/rpi-dht-sensor
48 verbose addNameTag registry:https://registry.npmjs.org/rpi-dht-sensor not in flight; fetching
49 verbose get https://registry.npmjs.org/rpi-dht-sensor not expired, no request
50 silly addNameTag next cb for rpi-dht-sensor with tag latest
51 silly addNamed rpi-dht-sensor@0.1.1
52 verbose addNamed "0.1.1" is a plain semver version for rpi-dht-sensor
53 silly mapToRegistry name rpi-dht-sensor
54 silly mapToRegistry using default registry
55 silly mapToRegistry registry https://registry.npmjs.org/
56 silly mapToRegistry data Result {
56 silly mapToRegistry   raw: 'rpi-dht-sensor',
56 silly mapToRegistry   scope: null,
56 silly mapToRegistry   escapedName: 'rpi-dht-sensor',
56 silly mapToRegistry   name: 'rpi-dht-sensor',
56 silly mapToRegistry   rawSpec: '',
56 silly mapToRegistry   spec: 'latest',
56 silly mapToRegistry   type: 'tag' }
57 silly mapToRegistry uri https://registry.npmjs.org/rpi-dht-sensor
58 verbose addRemoteTarball https://registry.npmjs.org/rpi-dht-sensor/-/rpi-dht-sensor-0.1.1.tgz not in flight; adding
59 verbose addRemoteTarball [ 'https://registry.npmjs.org/rpi-dht-sensor/-/rpi-dht-sensor-0.1.1.tgz',
59 verbose addRemoteTarball   '40212385010883623ae094a51e7a7a853d042680' ]
60 info retry fetch attempt 1 at 3:35:32 PM
61 info attempt registry request try #1 at 3:35:32 PM
62 http fetch GET https://registry.npmjs.org/rpi-dht-sensor/-/rpi-dht-sensor-0.1.1.tgz
63 http fetch 200 https://registry.npmjs.org/rpi-dht-sensor/-/rpi-dht-sensor-0.1.1.tgz
64 silly fetchAndShaCheck shasum 40212385010883623ae094a51e7a7a853d042680
65 verbose addTmpTarball C:\Users\DEIMOS~1\AppData\Local\Temp\npm-12664-a0dd9c05\registry.npmjs.org\rpi-dht-sensor\-\rpi-dht-sensor-0.1.1.tgz not in flight; adding
66 verbose addTmpTarball already have metadata; skipping unpack for rpi-dht-sensor@0.1.1
67 verbose correctMkdir C:\Users\DeimosDust\AppData\Roaming\npm-cache correctMkdir not in flight; initializing
68 silly cache afterAdd rpi-dht-sensor@0.1.1
69 verbose afterAdd C:\Users\DeimosDust\AppData\Roaming\npm-cache\rpi-dht-sensor\0.1.1\package\package.json not in flight; writing
70 verbose correctMkdir C:\Users\DeimosDust\AppData\Roaming\npm-cache correctMkdir not in flight; initializing
71 verbose afterAdd C:\Users\DeimosDust\AppData\Roaming\npm-cache\rpi-dht-sensor\0.1.1\package\package.json written
72 silly fetchNamedPackageData bindings
73 silly mapToRegistry name bindings
74 silly mapToRegistry using default registry
75 silly mapToRegistry registry https://registry.npmjs.org/
76 silly mapToRegistry data Result {
76 silly mapToRegistry   raw: 'bindings',
76 silly mapToRegistry   scope: null,
76 silly mapToRegistry   escapedName: 'bindings',
76 silly mapToRegistry   name: 'bindings',
76 silly mapToRegistry   rawSpec: '',
76 silly mapToRegistry   spec: 'latest',
76 silly mapToRegistry   type: 'tag' }
77 silly mapToRegistry uri https://registry.npmjs.org/bindings
78 verbose request uri https://registry.npmjs.org/bindings
79 verbose request no auth needed
80 info attempt registry request try #1 at 3:35:33 PM
81 verbose etag "1LLBF9OH58DLBEL4629U6032D"
82 http request GET https://registry.npmjs.org/bindings
83 http 200 https://registry.npmjs.org/bindings
84 verbose headers { server: 'nginx/1.10.1',
84 verbose headers   'content-type': 'application/json',
84 verbose headers   'last-modified': 'Mon, 22 May 2017 20:52:41 GMT',
84 verbose headers   etag: 'W/"59234f99-46bf"',
84 verbose headers   'content-encoding': 'gzip',
84 verbose headers   'cache-control': 'max-age=300',
84 verbose headers   'content-length': '3502',
84 verbose headers   'accept-ranges': 'bytes',
84 verbose headers   date: 'Sun, 16 Jul 2017 19:35:31 GMT',
84 verbose headers   via: '1.1 varnish',
84 verbose headers   age: '79',
84 verbose headers   connection: 'keep-alive',
84 verbose headers   'x-served-by': 'cache-ewr18141-EWR',
84 verbose headers   'x-cache': 'HIT',
84 verbose headers   'x-cache-hits': '1',
84 verbose headers   'x-timer': 'S1500233731.434801,VS0,VE0',
84 verbose headers   vary: 'Accept-Encoding, Accept' }
85 silly get cb [ 200,
85 silly get   { server: 'nginx/1.10.1',
85 silly get     'content-type': 'application/json',
85 silly get     'last-modified': 'Mon, 22 May 2017 20:52:41 GMT',
85 silly get     etag: 'W/"59234f99-46bf"',
85 silly get     'content-encoding': 'gzip',
85 silly get     'cache-control': 'max-age=300',
85 silly get     'content-length': '3502',
85 silly get     'accept-ranges': 'bytes',
85 silly get     date: 'Sun, 16 Jul 2017 19:35:31 GMT',
85 silly get     via: '1.1 varnish',
85 silly get     age: '79',
85 silly get     connection: 'keep-alive',
85 silly get     'x-served-by': 'cache-ewr18141-EWR',
85 silly get     'x-cache': 'HIT',
85 silly get     'x-cache-hits': '1',
85 silly get     'x-timer': 'S1500233731.434801,VS0,VE0',
85 silly get     vary: 'Accept-Encoding, Accept' } ]
86 verbose get saving bindings to C:\Users\DeimosDust\AppData\Roaming\npm-cache\registry.npmjs.org\bindings\.cache.json
87 verbose correctMkdir C:\Users\DeimosDust\AppData\Roaming\npm-cache correctMkdir not in flight; initializing
88 silly resolveWithNewModule bindings@1.2.1 checking installable status
89 silly cache add args [ 'bindings@^1.2.1', null ]
90 verbose cache add spec bindings@^1.2.1
91 silly cache add parsed spec Result {
91 silly cache add   raw: 'bindings@^1.2.1',
91 silly cache add   scope: null,
91 silly cache add   escapedName: 'bindings',
91 silly cache add   name: 'bindings',
91 silly cache add   rawSpec: '^1.2.1',
91 silly cache add   spec: '>=1.2.1 <2.0.0',
91 silly cache add   type: 'range' }
92 silly addNamed bindings@>=1.2.1 <2.0.0
93 verbose addNamed ">=1.2.1 <2.0.0" is a valid semver range for bindings
94 silly addNameRange { name: 'bindings', range: '>=1.2.1 <2.0.0', hasData: false }
95 silly mapToRegistry name bindings
96 silly mapToRegistry using default registry
97 silly mapToRegistry registry https://registry.npmjs.org/
98 silly mapToRegistry data Result {
98 silly mapToRegistry   raw: 'bindings',
98 silly mapToRegistry   scope: null,
98 silly mapToRegistry   escapedName: 'bindings',
98 silly mapToRegistry   name: 'bindings',
98 silly mapToRegistry   rawSpec: '',
98 silly mapToRegistry   spec: 'latest',
98 silly mapToRegistry   type: 'tag' }
99 silly mapToRegistry uri https://registry.npmjs.org/bindings
100 verbose addNameRange registry:https://registry.npmjs.org/bindings not in flight; fetching
101 verbose get https://registry.npmjs.org/bindings not expired, no request
102 silly addNameRange number 2 { name: 'bindings', range: '>=1.2.1 <2.0.0', hasData: true }
103 silly addNameRange versions [ 'bindings',
103 silly addNameRange   [ '0.0.1',
103 silly addNameRange     '0.1.0',
103 silly addNameRange     '0.1.1',
103 silly addNameRange     '0.2.0',
103 silly addNameRange     '0.2.1',
103 silly addNameRange     '0.2.2',
103 silly addNameRange     '0.2.3',
103 silly addNameRange     '0.2.4',
103 silly addNameRange     '0.3.0',
103 silly addNameRange     '0.4.0',
103 silly addNameRange     '1.0.0',
103 silly addNameRange     '1.1.0',
103 silly addNameRange     '1.1.1',
103 silly addNameRange     '1.2.0',
103 silly addNameRange     '1.2.1' ] ]
104 silly addNamed bindings@1.2.1
105 verbose addNamed "1.2.1" is a plain semver version for bindings
106 silly cache afterAdd bindings@1.2.1
107 verbose afterAdd C:\Users\DeimosDust\AppData\Roaming\npm-cache\bindings\1.2.1\package\package.json not in flight; writing
108 verbose correctMkdir C:\Users\DeimosDust\AppData\Roaming\npm-cache correctMkdir not in flight; initializing
109 verbose afterAdd C:\Users\DeimosDust\AppData\Roaming\npm-cache\bindings\1.2.1\package\package.json written
110 silly loadAllDepsIntoIdealTree Finishing
111 silly loadIdealTree Finishing
112 silly currentTree pigr@1.0.0
112 silly currentTree +-- @types/geojson@1.0.2
112 silly currentTree +-- @types/node@6.0.83
112 silly currentTree +-- accepts@1.3.3
112 silly currentTree +-- array-flatten@1.1.1
112 silly currentTree +-- bluebird@3.5.0
112 silly currentTree +-- cls-bluebird@2.0.1
112 silly currentTree +-- content-disposition@0.5.2
112 silly currentTree +-- content-type@1.0.2
112 silly currentTree +-- cookie-signature@1.0.6
112 silly currentTree +-- cookie@0.3.1
112 silly currentTree +-- cross-env@3.2.4
112 silly currentTree +-- cross-spawn@5.1.0
112 silly currentTree +-- debug@2.6.7
112 silly currentTree +-- depd@1.1.0
112 silly currentTree +-- destroy@1.0.4
112 silly currentTree +-- dottie@2.0.0
112 silly currentTree +-- ee-first@1.1.1
112 silly currentTree +-- encodeurl@1.0.1
112 silly currentTree +-- env-cmd@5.1.0
112 silly currentTree +-- escape-html@1.0.3
112 silly currentTree +-- etag@1.8.0
112 silly currentTree +-- express@4.15.3
112 silly currentTree +-- finalhandler@1.0.3
112 silly currentTree +-- forwarded@0.1.0
112 silly currentTree +-- fresh@0.5.0
112 silly currentTree +-- generic-pool@3.1.7
112 silly currentTree +-- hs100-api@0.4.0
112 silly currentTree +-- http-errors@1.6.1
112 silly currentTree +-- inflection@1.10.0
112 silly currentTree +-- inherits@2.0.3
112 silly currentTree +-- ipaddr.js@1.3.0
112 silly currentTree +-- is-bluebird@1.0.2
112 silly currentTree +-- is-windows@1.0.1
112 silly currentTree +-- isexe@2.0.0
112 silly currentTree +-- lodash@4.17.4
112 silly currentTree +-- lru-cache@4.1.1
112 silly currentTree +-- media-typer@0.3.0
112 silly currentTree +-- merge-descriptors@1.0.1
112 silly currentTree +-- methods@1.1.2
112 silly currentTree +-- mime-db@1.27.0
112 silly currentTree +-- mime-types@2.1.15
112 silly currentTree +-- mime@1.3.4
112 silly currentTree +-- moment-timezone@0.5.13
112 silly currentTree +-- moment@2.18.1
112 silly currentTree +-- ms@2.0.0
112 silly currentTree +-- nan@2.6.2
112 silly currentTree +-- negotiator@0.6.1
112 silly currentTree +-- node-dht-sensor@0.0.32
112 silly currentTree +-- on-finished@2.3.0
112 silly currentTree +-- parseurl@1.3.1
112 silly currentTree +-- path-to-regexp@0.1.7
112 silly currentTree +-- proxy-addr@1.1.4
112 silly currentTree +-- pseudomap@1.0.2
112 silly currentTree +-- qs@6.4.0
112 silly currentTree +-- range-parser@1.2.0
112 silly currentTree +-- retry-as-promised@2.2.0
112 silly currentTree +-- semver@5.3.0
112 silly currentTree +-- send@0.15.3
112 silly currentTree +-- sequelize@4.3.2
112 silly currentTree +-- serve-static@1.12.3
112 silly currentTree +-- setprototypeof@1.0.3
112 silly currentTree +-- shebang-command@1.2.0
112 silly currentTree +-- shebang-regex@1.0.0
112 silly currentTree +-- shimmer@1.1.0
112 silly currentTree +-- statuses@1.3.1
112 silly currentTree +-- terraformer-wkt-parser@1.1.2
112 silly currentTree +-- terraformer@1.0.8
112 silly currentTree +-- toposort-class@1.0.1
112 silly currentTree +-- type-is@1.6.15
112 silly currentTree +-- unpipe@1.0.0
112 silly currentTree +-- utils-merge@1.0.0
112 silly currentTree +-- uuid@3.1.0
112 silly currentTree +-- validator@6.3.0
112 silly currentTree +-- vary@1.1.1
112 silly currentTree +-- which@1.2.14
112 silly currentTree +-- wkx@0.4.1
112 silly currentTree `-- yallist@2.1.2
113 silly idealTree pigr@1.0.0
113 silly idealTree +-- @types/geojson@1.0.2
113 silly idealTree +-- @types/node@6.0.83
113 silly idealTree +-- accepts@1.3.3
113 silly idealTree +-- array-flatten@1.1.1
113 silly idealTree +-- bindings@1.2.1
113 silly idealTree +-- bluebird@3.5.0
113 silly idealTree +-- cls-bluebird@2.0.1
113 silly idealTree +-- content-disposition@0.5.2
113 silly idealTree +-- content-type@1.0.2
113 silly idealTree +-- cookie-signature@1.0.6
113 silly idealTree +-- cookie@0.3.1
113 silly idealTree +-- cross-env@3.2.4
113 silly idealTree +-- cross-spawn@5.1.0
113 silly idealTree +-- debug@2.6.7
113 silly idealTree +-- depd@1.1.0
113 silly idealTree +-- destroy@1.0.4
113 silly idealTree +-- dottie@2.0.0
113 silly idealTree +-- ee-first@1.1.1
113 silly idealTree +-- encodeurl@1.0.1
113 silly idealTree +-- env-cmd@5.1.0
113 silly idealTree +-- escape-html@1.0.3
113 silly idealTree +-- etag@1.8.0
113 silly idealTree +-- express@4.15.3
113 silly idealTree +-- finalhandler@1.0.3
113 silly idealTree +-- forwarded@0.1.0
113 silly idealTree +-- fresh@0.5.0
113 silly idealTree +-- generic-pool@3.1.7
113 silly idealTree +-- hs100-api@0.4.0
113 silly idealTree +-- http-errors@1.6.1
113 silly idealTree +-- inflection@1.10.0
113 silly idealTree +-- inherits@2.0.3
113 silly idealTree +-- ipaddr.js@1.3.0
113 silly idealTree +-- is-bluebird@1.0.2
113 silly idealTree +-- is-windows@1.0.1
113 silly idealTree +-- isexe@2.0.0
113 silly idealTree +-- lodash@4.17.4
113 silly idealTree +-- lru-cache@4.1.1
113 silly idealTree +-- media-typer@0.3.0
113 silly idealTree +-- merge-descriptors@1.0.1
113 silly idealTree +-- methods@1.1.2
113 silly idealTree +-- mime-db@1.27.0
113 silly idealTree +-- mime-types@2.1.15
113 silly idealTree +-- mime@1.3.4
113 silly idealTree +-- moment-timezone@0.5.13
113 silly idealTree +-- moment@2.18.1
113 silly idealTree +-- ms@2.0.0
113 silly idealTree +-- nan@2.6.2
113 silly idealTree +-- negotiator@0.6.1
113 silly idealTree +-- node-dht-sensor@0.0.32
113 silly idealTree +-- on-finished@2.3.0
113 silly idealTree +-- parseurl@1.3.1
113 silly idealTree +-- path-to-regexp@0.1.7
113 silly idealTree +-- proxy-addr@1.1.4
113 silly idealTree +-- pseudomap@1.0.2
113 silly idealTree +-- qs@6.4.0
113 silly idealTree +-- range-parser@1.2.0
113 silly idealTree +-- retry-as-promised@2.2.0
113 silly idealTree +-- rpi-dht-sensor@0.1.1
113 silly idealTree +-- semver@5.3.0
113 silly idealTree +-- send@0.15.3
113 silly idealTree +-- sequelize@4.3.2
113 silly idealTree +-- serve-static@1.12.3
113 silly idealTree +-- setprototypeof@1.0.3
113 silly idealTree +-- shebang-command@1.2.0
113 silly idealTree +-- shebang-regex@1.0.0
113 silly idealTree +-- shimmer@1.1.0
113 silly idealTree +-- statuses@1.3.1
113 silly idealTree +-- terraformer-wkt-parser@1.1.2
113 silly idealTree +-- terraformer@1.0.8
113 silly idealTree +-- toposort-class@1.0.1
113 silly idealTree +-- type-is@1.6.15
113 silly idealTree +-- unpipe@1.0.0
113 silly idealTree +-- utils-merge@1.0.0
113 silly idealTree +-- uuid@3.1.0
113 silly idealTree +-- validator@6.3.0
113 silly idealTree +-- vary@1.1.1
113 silly idealTree +-- which@1.2.14
113 silly idealTree +-- wkx@0.4.1
113 silly idealTree `-- yallist@2.1.2
114 silly generateActionsToTake Starting
115 silly install generateActionsToTake
116 silly generateActionsToTake Finishing
117 silly diffTrees action count 2
118 silly diffTrees add bindings@1.2.1
119 silly diffTrees add rpi-dht-sensor@0.1.1
120 silly decomposeActions action count 16
121 silly decomposeActions fetch bindings@1.2.1
122 silly decomposeActions extract bindings@1.2.1
123 silly decomposeActions test bindings@1.2.1
124 silly decomposeActions preinstall bindings@1.2.1
125 silly decomposeActions build bindings@1.2.1
126 silly decomposeActions install bindings@1.2.1
127 silly decomposeActions postinstall bindings@1.2.1
128 silly decomposeActions finalize bindings@1.2.1
129 silly decomposeActions fetch rpi-dht-sensor@0.1.1
130 silly decomposeActions extract rpi-dht-sensor@0.1.1
131 silly decomposeActions test rpi-dht-sensor@0.1.1
132 silly decomposeActions preinstall rpi-dht-sensor@0.1.1
133 silly decomposeActions build rpi-dht-sensor@0.1.1
134 silly decomposeActions install rpi-dht-sensor@0.1.1
135 silly decomposeActions postinstall rpi-dht-sensor@0.1.1
136 silly decomposeActions finalize rpi-dht-sensor@0.1.1
137 silly runTopLevelLifecycles Starting
138 silly executeActions Starting
139 silly install executeActions
140 silly doSerial global-install 0
141 silly doParallel fetch 2
142 verbose correctMkdir C:\Users\DeimosDust\AppData\Roaming\npm-cache\_locks correctMkdir not in flight; initializing
143 verbose lock using C:\Users\DeimosDust\AppData\Roaming\npm-cache\_locks\staging-2e978ff25c1ee632.lock for C:\Users\DeimosDust\Apps\pigr\node_modules\.staging
144 silly doParallel extract 2
145 silly extract bindings@1.2.1
146 silly extract rpi-dht-sensor@0.1.1
147 verbose unbuild node_modules\.staging\bindings-d0f504fd
148 verbose unbuild node_modules\.staging\rpi-dht-sensor-74395bfa
149 silly gentlyRm C:\Users\DeimosDust\Apps\pigr\node_modules\.staging\bindings-d0f504fd is being purged from base C:\Users\DeimosDust\Apps\pigr
150 verbose gentlyRm don't care about contents; nuking C:\Users\DeimosDust\Apps\pigr\node_modules\.staging\bindings-d0f504fd
151 silly gentlyRm C:\Users\DeimosDust\Apps\pigr\node_modules\.staging\rpi-dht-sensor-74395bfa is being purged from base C:\Users\DeimosDust\Apps\pigr
152 verbose gentlyRm don't care about contents; nuking C:\Users\DeimosDust\Apps\pigr\node_modules\.staging\rpi-dht-sensor-74395bfa
153 verbose tar unpack C:\Users\DeimosDust\AppData\Roaming\npm-cache\bindings\1.2.1\package.tgz
154 verbose tar unpacking to C:\Users\DeimosDust\Apps\pigr\node_modules\.staging\bindings-d0f504fd
155 silly gentlyRm C:\Users\DeimosDust\Apps\pigr\node_modules\.staging\bindings-d0f504fd is being purged
156 verbose gentlyRm don't care about contents; nuking C:\Users\DeimosDust\Apps\pigr\node_modules\.staging\bindings-d0f504fd
157 verbose tar unpack C:\Users\DeimosDust\AppData\Roaming\npm-cache\rpi-dht-sensor\0.1.1\package.tgz
158 verbose tar unpacking to C:\Users\DeimosDust\Apps\pigr\node_modules\.staging\rpi-dht-sensor-74395bfa
159 silly gentlyRm C:\Users\DeimosDust\Apps\pigr\node_modules\.staging\rpi-dht-sensor-74395bfa is being purged
160 verbose gentlyRm don't care about contents; nuking C:\Users\DeimosDust\Apps\pigr\node_modules\.staging\rpi-dht-sensor-74395bfa
161 silly gunzTarPerm modes [ '777', '666' ]
162 silly gunzTarPerm modes [ '777', '666' ]
163 silly gunzTarPerm extractEntry package.json
164 silly gunzTarPerm modified mode [ 'package.json', 420, 438 ]
165 silly gunzTarPerm extractEntry package.json
166 silly gunzTarPerm extractEntry README.md
167 silly gunzTarPerm modified mode [ 'README.md', 420, 438 ]
168 silly gunzTarPerm extractEntry bindings.js
169 silly gunzTarPerm modified mode [ 'bindings.js', 420, 438 ]
170 silly gunzTarPerm extractEntry .npmignore
171 silly gunzTarPerm extractEntry README.md
172 silly gunzTarPerm extractEntry LICENSE
173 silly gunzTarPerm extractEntry main.js
174 silly gunzTarPerm extractEntry binding.gyp
175 silly gunzTarPerm extractEntry src/bcm2835.c
176 silly gunzTarPerm extractEntry src/bcm2835.h
177 silly gunzTarPerm extractEntry src/node-dht-sensor.cpp
178 silly gentlyRm C:\Users\DeimosDust\Apps\pigr\node_modules\.staging\bindings-d0f504fd\node_modules is being purged
179 verbose gentlyRm don't care about contents; nuking C:\Users\DeimosDust\Apps\pigr\node_modules\.staging\bindings-d0f504fd\node_modules
180 silly gentlyRm C:\Users\DeimosDust\Apps\pigr\node_modules\.staging\rpi-dht-sensor-74395bfa\node_modules is being purged
181 verbose gentlyRm don't care about contents; nuking C:\Users\DeimosDust\Apps\pigr\node_modules\.staging\rpi-dht-sensor-74395bfa\node_modules
182 silly doParallel preinstall 2
183 silly preinstall bindings@1.2.1 C:\Users\DeimosDust\Apps\pigr\node_modules\.staging\bindings-d0f504fd
184 info lifecycle bindings@1.2.1~preinstall: bindings@1.2.1
185 silly preinstall rpi-dht-sensor@0.1.1 C:\Users\DeimosDust\Apps\pigr\node_modules\.staging\rpi-dht-sensor-74395bfa
186 info lifecycle rpi-dht-sensor@0.1.1~preinstall: rpi-dht-sensor@0.1.1
187 silly lifecycle bindings@1.2.1~preinstall: no script for preinstall, continuing
188 silly lifecycle rpi-dht-sensor@0.1.1~preinstall: no script for preinstall, continuing
189 silly doReverseSerial remove 0
190 silly doSerial move 0
191 silly doSerial finalize 2
192 silly finalize C:\Users\DeimosDust\Apps\pigr\node_modules\bindings
193 silly finalize C:\Users\DeimosDust\Apps\pigr\node_modules\rpi-dht-sensor
194 silly doSerial build 2
195 silly build bindings@1.2.1
196 info linkStuff bindings@1.2.1
197 silly linkStuff bindings@1.2.1 has C:\Users\DeimosDust\Apps\pigr\node_modules as its parent node_modules
198 verbose linkBins bindings@1.2.1
199 verbose linkMans bindings@1.2.1
200 silly build rpi-dht-sensor@0.1.1
201 info linkStuff rpi-dht-sensor@0.1.1
202 silly linkStuff rpi-dht-sensor@0.1.1 has C:\Users\DeimosDust\Apps\pigr\node_modules as its parent node_modules
203 verbose linkBins rpi-dht-sensor@0.1.1
204 verbose linkMans rpi-dht-sensor@0.1.1
205 silly doSerial global-link 0
206 silly doParallel update-linked 0
207 silly doSerial install 2
208 silly install bindings@1.2.1 C:\Users\DeimosDust\Apps\pigr\node_modules\.staging\bindings-d0f504fd
209 info lifecycle bindings@1.2.1~install: bindings@1.2.1
210 silly lifecycle bindings@1.2.1~install: no script for install, continuing
211 silly install rpi-dht-sensor@0.1.1 C:\Users\DeimosDust\Apps\pigr\node_modules\.staging\rpi-dht-sensor-74395bfa
212 info lifecycle rpi-dht-sensor@0.1.1~install: rpi-dht-sensor@0.1.1
213 verbose lifecycle rpi-dht-sensor@0.1.1~install: unsafe-perm in lifecycle true
214 verbose lifecycle rpi-dht-sensor@0.1.1~install: PATH: C:\Users\DeimosDust\AppData\Roaming\npm\node_modules\npm\bin\node-gyp-bin;C:\Users\DeimosDust\Apps\pigr\node_modules\rpi-dht-sensor\node_modules\.bin;C:\Users\DeimosDust\Apps\pigr\node_modules\.bin;C:\Program Files\Cmder\bin;C:\Program Files\Cmder\vendor\conemu-maximus5\ConEmu\Scripts;C:\Program Files\Cmder\vendor\conemu-maximus5;C:\Program Files\Cmder\vendor\conemu-maximus5\ConEmu;C:\Program Files\ImageMagick-6.9.1-Q16;C:\ProgramData\Oracle\Java\javapath;C:\Windows\system32;C:\Windows;C:\Windows\System32\Wbem;C:\Windows\System32\WindowsPowerShell\v1.0\;C:\Users\DeimosDust\bashwin32;C:\Program Files\Sublime Text 3;C:\Program Files (x86)\Heroku\bin;C:\Program Files (x86)\git\cmd;C:\Program Files\PostgreSQL\9.3\bin;C:\Program Files\Microsoft\Web Platform Installer\;C:\Program Files (x86)\NVIDIA Corporation\PhysX\Common;C:\Program Files\Microsoft SQL Server\110\Tools\Binn\;C:\Program Files\Microsoft SQL Server\120\Tools\Binn\;C:\Program Files (x86)\MySQL\MySQL Fabric 1.5 & MySQL Utilities 1.5\;C:\Program Files (x86)\MySQL\MySQL Fabric 1.5 & MySQL Utilities 1.5\Doctrine extensions for PHP\;C:\Users\DeimosDust\.dnx\bin;C:\Program Files\Microsoft DNX\Dnvm\;C:\Program Files (x86)\Windows Kits\10\Windows Performance Toolkit\;C:\WINDOWS\system32;C:\WINDOWS;C:\WINDOWS\System32\Wbem;C:\WINDOWS\System32\WindowsPowerShell\v1.0\;C:\Program Files (x86)\GtkSharp\2.12\bin;C:\Program Files (x86)\Skype\Phone\;C:\Program Files\TortoiseHg\;C:\WINDOWS\system32;C:\WINDOWS;C:\WINDOWS\System32\Wbem;C:\WINDOWS\System32\WindowsPowerShell\v1.0\;C:\Users\DeimosDust\AppData\Roaming\nvm;C:\Program Files\nodejs;C:\Program Files\Git\cmd;C:\Android;C:\RailsInstaller\Ruby2.3.0\bin;C:\Users\DeimosDust\AppData\Local\atom\bin;C:\Program Files (x86)\PuTTY\;C:\Program Files\Geth;C:\Users\DeimosDust\ethminer\bin;C:\Program Files\CMake\bin;C:\RailsInstaller\Ruby2.1.0\bin;C:\RailsInstaller\Git\cmd;C:\Program Files (x86)\GnuWin32\bin;C:\Python27;C:\Program Files (x86)\Microsoft Visual Studio 14.0\VC\lib;C:\Program Files\MySQL\MySQL Workbench 6.3 CE;C:\Program Files (x86)\Microsoft VS Code\bin;C:\Users\DeimosDust\AppData\Local\Microsoft\WindowsApps;C:\Users\DeimosDust\AppData\Roaming\npm;C:\Users\DeimosDust\AppData\Local\Microsoft\WindowsApps;C:\Program Files\Git\usr\bin;C:\Program Files\Git\usr\share\vim\vim74;C:\Program Files\Cmder\
215 verbose lifecycle rpi-dht-sensor@0.1.1~install: CWD: C:\Users\DeimosDust\Apps\pigr\node_modules\rpi-dht-sensor
216 silly lifecycle rpi-dht-sensor@0.1.1~install: Args: [ '/d /s /c', 'node-gyp rebuild' ]
217 silly lifecycle rpi-dht-sensor@0.1.1~install: Returned: code: 1  signal: null
218 info lifecycle rpi-dht-sensor@0.1.1~install: Failed to exec install script
219 verbose unlock done using C:\Users\DeimosDust\AppData\Roaming\npm-cache\_locks\staging-2e978ff25c1ee632.lock for C:\Users\DeimosDust\Apps\pigr\node_modules\.staging
220 silly rollbackFailedOptional Starting
221 silly rollbackFailedOptional Finishing
222 silly runTopLevelLifecycles Finishing
223 silly install printInstalled
224 verbose stack Error: rpi-dht-sensor@0.1.1 install: `node-gyp rebuild`
224 verbose stack Exit status 1
224 verbose stack     at EventEmitter.<anonymous> (C:\Users\DeimosDust\AppData\Roaming\npm\node_modules\npm\lib\utils\lifecycle.js:255:16)
224 verbose stack     at emitTwo (events.js:87:13)
224 verbose stack     at EventEmitter.emit (events.js:172:7)
224 verbose stack     at ChildProcess.<anonymous> (C:\Users\DeimosDust\AppData\Roaming\npm\node_modules\npm\lib\utils\spawn.js:40:14)
224 verbose stack     at emitTwo (events.js:87:13)
224 verbose stack     at ChildProcess.emit (events.js:172:7)
224 verbose stack     at maybeClose (internal/child_process.js:829:16)
224 verbose stack     at Process.ChildProcess._handle.onexit (internal/child_process.js:211:5)
225 verbose pkgid rpi-dht-sensor@0.1.1
226 verbose cwd C:\Users\DeimosDust\Apps\pigr
227 error Windows_NT 10.0.15063
228 error argv "C:\\Program Files\\nodejs\\node.exe" "C:\\Users\\DeimosDust\\AppData\\Roaming\\npm\\node_modules\\npm\\bin\\npm-cli.js" "install" "rpi-dht-sensor"
229 error node v4.6.0
230 error npm  v3.10.8
231 error code ELIFECYCLE
232 error rpi-dht-sensor@0.1.1 install: `node-gyp rebuild`
232 error Exit status 1
233 error Failed at the rpi-dht-sensor@0.1.1 install script 'node-gyp rebuild'.
233 error Make sure you have the latest version of node.js and npm installed.
233 error If you do, this is most likely a problem with the rpi-dht-sensor package,
233 error not with npm itself.
233 error Tell the author that this fails on your system:
233 error     node-gyp rebuild
233 error You can get information on how to open an issue for this project with:
233 error     npm bugs rpi-dht-sensor
233 error Or if that isn't available, you can get their info via:
233 error     npm owner ls rpi-dht-sensor
233 error There is likely additional logging output above.
234 verbose exit [ 1, true ]
